<?xml version="1.0" encoding="UTF-8" ?>
<testsuite errors="0" failures="0" hostname="Devang" name="com.flatironschool.javacs.HelloWorldTest" skipped="0" tests="1" time="0.101" timestamp="2016-03-18T06:26:49">
  <properties>
    <property name="env.OLDPWD" value="C:/Users/Devang" />
    <property name="file.encoding.pkg" value="sun.io" />
    <property name="env.ACLOCAL_PATH" value="C:\Program Files\Git\mingw64\share\aclocal;C:\Program Files\Git\usr\share\aclocal" />
    <property name="env.PROMPT" value="$P$G" />
    <property name="java.home" value="C:\Program Files\Java\jdk1.8.0_74\jre" />
    <property name="env.DISPLAY" value="needs-to-be-defined" />
    <property name="env.PythonPath" value="C:\Python27\;C:\Python27/Scripts;" />
    <property name="java.endorsed.dirs" value="C:\Program Files\Java\jdk1.8.0_74\jre\lib\endorsed" />
    <property name="env.USERNAME" value="Devang" />
    <property name="debuglevel" value="source,lines,vars" />
    <property name="sun.os.patch.level" value="" />
    <property name="java.vendor.url" value="http://java.oracle.com/" />
    <property name="env.COMPUTERNAME" value="DEVANG" />
    <property name="env.=C:" value="C:\Users\Devang\Desktop\Code U Stuff\cs-java-hello-world-lab-codeU" />
    <property name="env.ProgramFiles(x86)" value="C:\Program Files (x86)" />
    <property name="env.PRINTER" value="HP Deskjet 3050 J610 series (Network)" />
    <property name="java.version" value="1.8.0_74" />
    <property name="env.FPS_BROWSER_APP_PROFILE_STRING" value="Internet Explorer" />
    <property name="java.vendor.url.bug" value="http://bugreport.sun.com/bugreport/" />
    <property name="env.USERPROFILE" value="C:\Users\Devang" />
    <property name="env.PLINK_PROTOCOL" value="ssh" />
    <property name="ant.project.invoked-targets" value="test" />
    <property name="env.PS1" value="\[\033]0;$TITLEPREFIX:${PWD//[^[:ascii:]]/?}\007\]\n\[\033[32m\]\u@\h \[\033[35m\]$MSYSTEM \[\033[33m\]\w\[\033[36m\]`__git_ps1`\[\033[0m\]\n$ " />
    <property name="user.name" value="Devang" />
    <property name="env.LANG" value="en_US.UTF-8" />
    <property name="sun.io.unicode.encoding" value="UnicodeLittle" />
    <property name="sun.jnu.encoding" value="Cp1252" />
    <property name="java.runtime.name" value="Java(TM) SE Runtime Environment" />
    <property name="env.LOCALAPPDATA" value="C:\Users\Devang\AppData\Local" />
    <property name="env.SSH_ASKPASS" value="C:/Program Files/Git/mingw64/libexec/git-core/git-gui--askpass" />
    <property name="java.specification.name" value="Java Platform API Specification" />
    <property name="user.timezone" value="" />
    <property name="user.script" value="" />
    <property name="path.separator" value=";" />
    <property name="env.CLOUDSDK_PYTHON" value="C:\python27\python.exe" />
    <property name="env.PROCESSOR_IDENTIFIER" value="Intel64 Family 6 Model 69 Stepping 1, GenuineIntel" />
    <property name="env._JAVACMD" value="C:\Program Files\Java\jdk1.8.0_74\bin\java.exe" />
    <property name="file.encoding" value="Cp1252" />
    <property name="ant.project.default-target" value="build" />
    <property name="env.HOME" value="C:\Users\Devang" />
    <property name="sun.java.command" value="org.apache.tools.ant.taskdefs.optional.junit.JUnitTestRunner com.flatironschool.javacs.HelloWorldTest skipNonTests=false filtertrace=true haltOnError=false haltOnFailure=false formatter=org.apache.tools.ant.taskdefs.optional.junit.OutErrSummaryJUnitResultFormatter showoutput=false outputtoformatters=true logfailedtests=true threadid=0 logtestlistenerevents=false formatter=org.apache.tools.ant.taskdefs.optional.junit.XMLJUnitResultFormatter,C:\Users\Devang\Desktop\Code U Stuff\cs-java-hello-world-lab-codeU\javacs-lab00\junit\TEST-com.flatironschool.javacs.HelloWorldTest.xml formatter=org.apache.tools.ant.taskdefs.optional.junit.PlainJUnitResultFormatter crashfile=C:\Users\Devang\Desktop\Code U Stuff\cs-java-hello-world-lab-codeU\javacs-lab00\junitvmwatcher8983191212281711671.properties propsfile=C:\Users\Devang\Desktop\Code U Stuff\cs-java-hello-world-lab-codeU\javacs-lab00\junit954042904501418384.properties" />
    <property name="env.MANPATH" value="C:\Program Files\Git\mingw64\share\man;C:\Program Files\Git\usr\local\man;C:\Program Files\Git\usr\share\man;C:\Program Files\Git\usr\man;C:\Program Files\Git\share\man" />
    <property name="env.NUMBER_OF_PROCESSORS" value="4" />
    <property name="env.APPDATA" value="C:\Users\Devang\AppData\Roaming" />
    <property name="ant.file" value="C:\Users\Devang\Desktop\Code U Stuff\cs-java-hello-world-lab-codeU\javacs-lab00\build.xml" />
    <property name="env.WINDIR" value="C:\WINDOWS" />
    <property name="env.HOSTNAME" value="Devang" />
    <property name="env._" value="C:/RailsInstaller/Ruby2.2.0/bin/learn-test" />
    <property name="java.io.tmpdir" value="C:\Users\Devang\AppData\Local\Temp\" />
    <property name="user.language" value="en" />
    <property name="line.separator" value="&#xd;&#xa;" />
    <property name="target" value="1.6" />
    <property name="ant.file.type" value="file" />
    <property name="env.COMMONPROGRAMFILES" value="C:\Program Files\Common Files" />
    <property name="java.vm.info" value="mixed mode" />
    <property name="source" value="1.6" />
    <property name="sun.desktop" value="windows" />
    <property name="java.vm.specification.name" value="Java Virtual Machine Specification" />
    <property name="env.PATHEXT" value=".COM;.EXE;.BAT;.CMD;.VBS;.VBE;.JS;.JSE;.WSF;.WSH;.MSC" />
    <property name="env.USERDOMAIN_ROAMINGPROFILE" value="DEVANG" />
    <property name="env.LOGONSERVER" value="\\MicrosoftAccount" />
    <property name="java.awt.printerjob" value="sun.awt.windows.WPrinterJob" />
    <property name="env.PUBLIC" value="C:\Users\Public" />
    <property name="ant.version" value="Apache Ant(TM) version 1.9.6 compiled on June 29 2015" />
    <property name="env.USERDOMAIN" value="DEVANG" />
    <property name="env.PROCESSOR_LEVEL" value="6" />
    <property name="env.CommonProgramFiles(x86)" value="C:\Program Files (x86)\Common Files" />
    <property name="os.name" value="Windows 10" />
    <property name="java.specification.vendor" value="Oracle Corporation" />
    <property name="env.TMP" value="C:\Users\Devang\AppData\Local\Temp" />
    <property name="env.TERM" value="xterm" />
    <property name="java.vm.name" value="Java HotSpot(TM) 64-Bit Server VM" />
    <property name="env.ProgramData" value="C:\ProgramData" />
    <property name="env.OS" value="Windows_NT" />
    <property name="java.library.path" value="C:\Program Files\Java\jdk1.8.0_74\jre\bin;C:\WINDOWS\Sun\Java\bin;C:\WINDOWS\system32;C:\WINDOWS;C:\Users\Devang\bin;C:\Program Files\Git\mingw64\bin;C:\Program Files\Git\usr\local\bin;C:\Program Files\Git\usr\bin;C:\Program Files\Git\usr\bin;C:\Program Files\Git\mingw64\bin;C:\Program Files\Git\usr\bin;C:\Users\Devang\bin;C:\ProgramData\Oracle\Java\javapath;C:\Python27;C:\Python27\Scripts;C:\Program Files (x86)\Intel\iCLS Client;C:\Program Files\Intel\iCLS Client;C:\WINDOWS\system32;C:\WINDOWS;C:\WINDOWS\System32\Wbem;C:\WINDOWS\System32\WindowsPowerShell\v1.0;C:\Program Files\Intel\Intel(R) Management Engine Components\DAL;C:\Program Files\Intel\Intel(R) Management Engine Components\IPT;C:\Program Files (x86)\Intel\Intel(R) Management Engine Components\DAL;C:\Program Files (x86)\Intel\Intel(R) Management Engine Components\IPT;C:\Program Files (x86)\Windows Live\Shared;C:\Program Files (x86)\QuickTime\QTSystem;C:\Program Files (x86)\SMLNJ\bin;C:\Program Files (x86)\Skype\Phone;C:\Program Files\Git\cmd;C:\RailsInstaller\Git\cmd;C:\RailsInstaller\Ruby2.2.0\bin;C:\Users\Devang\AppData\Local\atom\bin;C:\Program Files (x86)\Google\google_appengine;C:\Program Files\Java\jdk1.8.0_74;C:\Program Files\Ant\apache-ant-1.9.6\bin;C:\Program Files\Java\jdk1.8.0_74\bin;C:\Program Files\Git\usr\bin\vendor_perl;C:\Program Files\Git\usr\bin\core_perl;." />
    <property name="env.PATH" value="C:\Users\Devang\bin;C:\Program Files\Git\mingw64\bin;C:\Program Files\Git\usr\local\bin;C:\Program Files\Git\usr\bin;C:\Program Files\Git\usr\bin;C:\Program Files\Git\mingw64\bin;C:\Program Files\Git\usr\bin;C:\Users\Devang\bin;C:\ProgramData\Oracle\Java\javapath;C:\Python27;C:\Python27\Scripts;C:\Program Files (x86)\Intel\iCLS Client;C:\Program Files\Intel\iCLS Client;C:\WINDOWS\system32;C:\WINDOWS;C:\WINDOWS\System32\Wbem;C:\WINDOWS\System32\WindowsPowerShell\v1.0;C:\Program Files\Intel\Intel(R) Management Engine Components\DAL;C:\Program Files\Intel\Intel(R) Management Engine Components\IPT;C:\Program Files (x86)\Intel\Intel(R) Management Engine Components\DAL;C:\Program Files (x86)\Intel\Intel(R) Management Engine Components\IPT;C:\Program Files (x86)\Windows Live\Shared;C:\Program Files (x86)\QuickTime\QTSystem;C:\Program Files (x86)\SMLNJ\bin;C:\Program Files (x86)\Skype\Phone;C:\Program Files\Git\cmd;C:\RailsInstaller\Git\cmd;C:\RailsInstaller\Ruby2.2.0\bin;C:\Users\Devang\AppData\Local\atom\bin;C:\Program Files (x86)\Google\google_appengine;C:\Program Files\Java\jdk1.8.0_74;C:\Program Files\Ant\apache-ant-1.9.6\bin;C:\Program Files\Java\jdk1.8.0_74\bin;C:\Program Files\Git\usr\bin\vendor_perl;C:\Program Files\Git\usr\bin\core_perl" />
    <property name="ant.java.version" value="1.8" />
    <property name="env.INFOPATH" value="C:\Program Files\Git\usr\local\info;C:\Program Files\Git\usr\share\info;C:\Program Files\Git\usr\info;C:\Program Files\Git\share\info" />
    <property name="basedir" value="C:\Users\Devang\Desktop\Code U Stuff\cs-java-hello-world-lab-codeU\javacs-lab00" />
    <property name="java.class.version" value="52.0" />
    <property name="env.SHLVL" value="1" />
    <property name="ant.home" value="C:\Program Files\Ant\apache-ant-1.9.6" />
    <property name="env.configsetroot" value="C:\WINDOWS\ConfigSetRoot" />
    <property name="ant.file.JavaCS" value="C:\Users\Devang\Desktop\Code U Stuff\cs-java-hello-world-lab-codeU\javacs-lab00\build.xml" />
    <property name="env.HOMEDRIVE" value="C:" />
    <property name="env.SYSTEMROOT" value="C:\WINDOWS" />
    <property name="env.COMSPEC" value="C:\WINDOWS\system32\cmd.exe" />
    <property name="sun.boot.library.path" value="C:\Program Files\Java\jdk1.8.0_74\jre\bin" />
    <property name="env.SYSTEMDRIVE" value="C:" />
    <property name="env.PROCESSOR_REVISION" value="4501" />
    <property name="sun.management.compiler" value="HotSpot 64-Bit Tiered Compilers" />
    <property name="java.awt.graphicsenv" value="sun.awt.Win32GraphicsEnvironment" />
    <property name="user.variant" value="" />
    <property name="env.USER" value="Devang" />
    <property name="ant.file.type.JavaCS" value="file" />
    <property name="env.asl.log" value="Destination=file" />
    <property name="ant.project.name" value="JavaCS" />
    <property name="env.PROGRAMFILES" value="C:\Program Files" />
    <property name="java.vm.specification.version" value="1.8" />
    <property name="awt.toolkit" value="sun.awt.windows.WToolkit" />
    <property name="sun.cpu.isalist" value="amd64" />
    <property name="java.ext.dirs" value="C:\Program Files\Java\jdk1.8.0_74\jre\lib\ext;C:\WINDOWS\Sun\Java\lib\ext" />
    <property name="env.SSL_CERT_FILE" value="C:\RailsInstaller\cacert.pem" />
    <property name="os.version" value="10.0" />
    <property name="user.home" value="C:\Users\Devang" />
    <property name="java.vm.vendor" value="Oracle Corporation" />
    <property name="env.CommonProgramW6432" value="C:\Program Files\Common Files" />
    <property name="env.PKG_CONFIG_PATH" value="C:\Program Files\Git\mingw64\lib\pkgconfig;C:\Program Files\Git\mingw64\share\pkgconfig" />
    <property name="env.JAVA_HOME" value="C:\Program Files\Java\jdk1.8.0_74" />
    <property name="env.ProgramW6432" value="C:\Program Files" />
    <property name="junit.output.dir" value="junit" />
    <property name="user.dir" value="C:\Users\Devang\Desktop\Code U Stuff\cs-java-hello-world-lab-codeU" />
    <property name="env.PWD" value="C:/Users/Devang/Desktop/Code U Stuff/cs-java-hello-world-lab-codeU" />
    <property name="env.FP_NO_HOST_CHECK" value="NO" />
    <property name="sun.cpu.endian" value="little" />
    <property name="env._USE_CLASSPATH" value="no" />
    <property name="env.ALLUSERSPROFILE" value="C:\ProgramData" />
    <property name="env.TMPDIR" value="C:\Users\Devang\AppData\Local\Temp" />
    <property name="env.PROCESSOR_ARCHITECTURE" value="AMD64" />
    <property name="java.vm.version" value="25.74-b02" />
    <property name="java.class.path" value="C:\Users\Devang\Desktop\Code U Stuff\cs-java-hello-world-lab-codeU\javacs-lab00\bin;C:\Users\Devang\Desktop\Code U Stuff\cs-java-hello-world-lab-codeU\javacs-lab00\lib\junit-4.12.jar;C:\Users\Devang\Desktop\Code U Stuff\cs-java-hello-world-lab-codeU\javacs-lab00\lib\hamcrest-core-1.3.jar;C:\Program Files\Ant\apache-ant-1.9.6\lib\ant-launcher.jar;C:\Program Files\Ant\apache-ant-1.9.6\lib\ant.jar;C:\Program Files\Ant\apache-ant-1.9.6\lib\ant-junit.jar;C:\Program Files\Ant\apache-ant-1.9.6\lib\ant-junit4.jar" />
    <property name="env.=::" value="::\" />
    <property name="env.HOMEPATH" value="\Users\Devang" />
    <property name="ant.library.dir" value="C:\Program Files\Ant\apache-ant-1.9.6\lib" />
    <property name="os.arch" value="amd64" />
    <property name="env.SESSIONNAME" value="Console" />
    <property name="sun.java.launcher" value="SUN_STANDARD" />
    <property name="ant.core.lib" value="C:\Program Files\Ant\apache-ant-1.9.6\lib\ant.jar" />
    <property name="java.vm.specification.vendor" value="Oracle Corporation" />
    <property name="file.separator" value="\" />
    <property name="env.ANT_CMD_LINE_ARGS" value=" test -buildfile javacs-lab00/build.xml" />
    <property name="java.runtime.version" value="1.8.0_74-b02" />
    <property name="sun.boot.class.path" value="C:\Program Files\Java\jdk1.8.0_74\jre\lib\resources.jar;C:\Program Files\Java\jdk1.8.0_74\jre\lib\rt.jar;C:\Program Files\Java\jdk1.8.0_74\jre\lib\sunrsasign.jar;C:\Program Files\Java\jdk1.8.0_74\jre\lib\jsse.jar;C:\Program Files\Java\jdk1.8.0_74\jre\lib\jce.jar;C:\Program Files\Java\jdk1.8.0_74\jre\lib\charsets.jar;C:\Program Files\Java\jdk1.8.0_74\jre\lib\jfr.jar;C:\Program Files\Java\jdk1.8.0_74\jre\classes" />
    <property name="env.EXEPATH" value="C:\Program Files\Git" />
    <property name="env.TEMP" value="C:\Users\Devang\AppData\Local\Temp" />
    <property name="env.ANT_HOME" value="C:\Program Files\Ant\apache-ant-1.9.6" />
    <property name="user.country" value="US" />
    <property name="env.FPS_BROWSER_USER_PROFILE_STRING" value="Default" />
    <property name="env.SHELL" value="C:\Program Files\Git\usr\bin\bash" />
    <property name="java.vendor" value="Oracle Corporation" />
    <property name="env.SMLNJ_HOME" value="C:\Program Files (x86)\SMLNJ\" />
    <property name="env.PSModulePath" value="C:\WINDOWS\system32\WindowsPowerShell\v1.0\Modules\" />
    <property name="java.specification.version" value="1.8" />
    <property name="env.MSYSTEM" value="MINGW64" />
    <property name="sun.arch.data.model" value="64" />
  </properties>
  <testcase classname="com.flatironschool.javacs.HelloWorldTest" name="testGetVersion" time="0.004" />
  <system-out><![CDATA[]]></system-out>
  <system-err><![CDATA[]]></system-err>
</testsuite>
